Installing required packages...

up to date, audited 144 packages in 738ms

27 packages are looking for funding
  run `npm fund` for details

found 0 vulnerabilities

Starting scrape...

Scraping allbud...
[allbud] Fetching sativa strains...
[allbud] Fetching indica strains...
[allbud] Fetching hybrid strains...
[allbud] Found 490 strains
[allbud] Saved to /Users/christophercook/Projects/strainspotter/backend/data/sources/allbud.json

Scraping cannaconnection...
[cannaconnection] Fetching strain list...
[cannaconnection] Found 29 strains
[cannaconnection] Saved to /Users/christophercook/Projects/strainspotter/backend/data/sources/cannaconnection.json

Scraping seedfinder...
[seedfinder] Fetching letter A...
[seedfinder] Fetching letter B...
[seedfinder] Fetching letter C...
[seedfinder] Fetching letter D...
[seedfinder] Fetching letter E...
[seedfinder] Fetching letter F...
[seedfinder] Fetching letter G...
[seedfinder] Fetching letter H...
[seedfinder] Fetching letter I...
[seedfinder] Fetching letter J...
[seedfinder] Fetching letter K...
[seedfinder] Fetching letter L...
[seedfinder] Fetching letter M...
[seedfinder] Fetching letter N...
[seedfinder] Fetching letter O...
[seedfinder] Fetching letter P...
[seedfinder] Fetching letter Q...
[seedfinder] Fetching letter R...
[seedfinder] Fetching letter S...
[seedfinder] Fetching letter T...
[seedfinder] Fetching letter U...
[seedfinder] Fetching letter V...
[seedfinder] Fetching letter W...
[seedfinder] Fetching letter X...
[seedfinder] Fetching letter Y...
[seedfinder] Fetching letter Z...
[seedfinder] Fetching letter 0...
