🔍 Fetching strains without type...

📊 Found 18594 strains without type

📥 Fetching uncategorized strains in batches...

   Fetching batch 1/19...
   Fetching batch 2/19...
   Fetching batch 3/19...
   Fetching batch 4/19...
   Fetching batch 5/19...
   Fetching batch 6/19...
   Fetching batch 7/19...
   Fetching batch 8/19...
   Fetching batch 9/19...
   Fetching batch 10/19...
   Fetching batch 11/19...
   Fetching batch 12/19...
   Fetching batch 13/19...
   Fetching batch 14/19...
   Fetching batch 15/19...
   Fetching batch 16/19...
   Fetching batch 17/19...
   Fetching batch 18/19...
   Fetching batch 19/19...
✅ Fetched 18594 uncategorized strains

🔧 Categorizing strains...

📈 Will categorize as:
   🟣 Indica: 2402 (12.9%)
   🟠 Sativa: 1342 (7.2%)
   🟢 Hybrid: 14850 (79.9%)

🚀 Updating database...

   Progress: 0/18594 (0.0%)...
   Progress: 100/18594 (0.5%)...
   Progress: 200/18594 (1.1%)...
   Progress: 300/18594 (1.6%)...
   Progress: 400/18594 (2.2%)...
   Progress: 500/18594 (2.7%)...
   Progress: 600/18594 (3.2%)...
   Progress: 700/18594 (3.8%)...
   Progress: 800/18594 (4.3%)...
   Progress: 900/18594 (4.8%)...
   Progress: 1000/18594 (5.4%)...
   Progress: 1100/18594 (5.9%)...
   Progress: 1200/18594 (6.5%)...
   Progress: 1300/18594 (7.0%)...
   Progress: 1400/18594 (7.5%)...
   Progress: 1500/18594 (8.1%)...
   Progress: 1600/18594 (8.6%)...
   Progress: 1700/18594 (9.1%)...
   Progress: 1800/18594 (9.7%)...
   Progress: 1900/18594 (10.2%)...
   Progress: 2000/18594 (10.8%)...
   Progress: 2100/18594 (11.3%)...
   Progress: 2200/18594 (11.8%)...
   Progress: 2300/18594 (12.4%)...
   Progress: 2400/18594 (12.9%)...
   Progress: 2500/18594 (13.4%)...
   Progress: 2600/18594 (14.0%)...
   Progress: 2700/18594 (14.5%)...
   Progress: 2800/18594 (15.1%)...
   Progress: 2900/18594 (15.6%)...
   Progress: 3000/18594 (16.1%)...
   Progress: 3100/18594 (16.7%)...
   Progress: 3200/18594 (17.2%)...
   Progress: 3300/18594 (17.7%)...
   Progress: 3400/18594 (18.3%)...
   Progress: 3500/18594 (18.8%)...
   Progress: 3600/18594 (19.4%)...
   Progress: 3700/18594 (19.9%)...
   Progress: 3800/18594 (20.4%)...
   Progress: 3900/18594 (21.0%)...
   Progress: 4000/18594 (21.5%)...
   Progress: 4100/18594 (22.1%)...
   Progress: 4200/18594 (22.6%)...
   Progress: 4300/18594 (23.1%)...
   Progress: 4400/18594 (23.7%)...
   Progress: 4500/18594 (24.2%)...
   Progress: 4600/18594 (24.7%)...
   Progress: 4700/18594 (25.3%)...
   Progress: 4800/18594 (25.8%)...
   Progress: 4900/18594 (26.4%)...
   Progress: 5000/18594 (26.9%)...
   Progress: 5100/18594 (27.4%)...
   Progress: 5200/18594 (28.0%)...
   Progress: 5300/18594 (28.5%)...
   Progress: 5400/18594 (29.0%)...
   Progress: 5500/18594 (29.6%)...
   Progress: 5600/18594 (30.1%)...
   Progress: 5700/18594 (30.7%)...
   Progress: 5800/18594 (31.2%)...
   Progress: 5900/18594 (31.7%)...
   Progress: 6000/18594 (32.3%)...
   Progress: 6100/18594 (32.8%)...
   Progress: 6200/18594 (33.3%)...
   Progress: 6300/18594 (33.9%)...
   Progress: 6400/18594 (34.4%)...
   Progress: 6500/18594 (35.0%)...
   Progress: 6600/18594 (35.5%)...
   Progress: 6700/18594 (36.0%)...
   Progress: 6800/18594 (36.6%)...
   Progress: 6900/18594 (37.1%)...
   Progress: 7000/18594 (37.6%)...
   Progress: 7100/18594 (38.2%)...
   Progress: 7200/18594 (38.7%)...
   Progress: 7300/18594 (39.3%)...
   Progress: 7400/18594 (39.8%)...
   Progress: 7500/18594 (40.3%)...
   Progress: 7600/18594 (40.9%)...
   Progress: 7700/18594 (41.4%)...
   Progress: 7800/18594 (41.9%)...
   Progress: 7900/18594 (42.5%)...
   Progress: 8000/18594 (43.0%)...
   Progress: 8100/18594 (43.6%)...
   Progress: 8200/18594 (44.1%)...
   Progress: 8300/18594 (44.6%)...
   Progress: 8400/18594 (45.2%)...
   Progress: 8500/18594 (45.7%)...
   Progress: 8600/18594 (46.3%)...
   Progress: 8700/18594 (46.8%)...
   Progress: 8800/18594 (47.3%)...
   Progress: 8900/18594 (47.9%)...
   Progress: 9000/18594 (48.4%)...
   Progress: 9100/18594 (48.9%)...
   Progress: 9200/18594 (49.5%)...
   Progress: 9300/18594 (50.0%)...
   Progress: 9400/18594 (50.6%)...
   Progress: 9500/18594 (51.1%)...
   Progress: 9600/18594 (51.6%)...
   Progress: 9700/18594 (52.2%)...
   Progress: 9800/18594 (52.7%)...
   Progress: 9900/18594 (53.2%)...
   Progress: 10000/18594 (53.8%)...
   Progress: 10100/18594 (54.3%)...
   Progress: 10200/18594 (54.9%)...
   Progress: 10300/18594 (55.4%)...
   Progress: 10400/18594 (55.9%)...
   Progress: 10500/18594 (56.5%)...
   Progress: 10600/18594 (57.0%)...
   Progress: 10700/18594 (57.5%)...
   Progress: 10800/18594 (58.1%)...
   Progress: 10900/18594 (58.6%)...
   Progress: 11000/18594 (59.2%)...
   Progress: 11100/18594 (59.7%)...
   Progress: 11200/18594 (60.2%)...
   Progress: 11300/18594 (60.8%)...
   Progress: 11400/18594 (61.3%)...
   Progress: 11500/18594 (61.8%)...
   Progress: 11600/18594 (62.4%)...
   Progress: 11700/18594 (62.9%)...
   Progress: 11800/18594 (63.5%)...
   Progress: 11900/18594 (64.0%)...
   Progress: 12000/18594 (64.5%)...
   Progress: 12100/18594 (65.1%)...
   Progress: 12200/18594 (65.6%)...
   Progress: 12300/18594 (66.2%)...
   Progress: 12400/18594 (66.7%)...
   Progress: 12500/18594 (67.2%)...
   Progress: 12600/18594 (67.8%)...
   Progress: 12700/18594 (68.3%)...
   Progress: 12800/18594 (68.8%)...
   Progress: 12900/18594 (69.4%)...
   Progress: 13000/18594 (69.9%)...
   Progress: 13100/18594 (70.5%)...
   Progress: 13200/18594 (71.0%)...
   Progress: 13300/18594 (71.5%)...
   Progress: 13400/18594 (72.1%)...
   Progress: 13500/18594 (72.6%)...
   Progress: 13600/18594 (73.1%)...
   Progress: 13700/18594 (73.7%)...
   Progress: 13800/18594 (74.2%)...
   Progress: 13900/18594 (74.8%)...
   Progress: 14000/18594 (75.3%)...
   Progress: 14100/18594 (75.8%)...
   Progress: 14200/18594 (76.4%)...
   Progress: 14300/18594 (76.9%)...
   Progress: 14400/18594 (77.4%)...
   Progress: 14500/18594 (78.0%)...
   Progress: 14600/18594 (78.5%)...
   Progress: 14700/18594 (79.1%)...
   Progress: 14800/18594 (79.6%)...
   Progress: 14900/18594 (80.1%)...
   Progress: 15000/18594 (80.7%)...
   Progress: 15100/18594 (81.2%)...
   Progress: 15200/18594 (81.7%)...
   Progress: 15300/18594 (82.3%)...
   Progress: 15400/18594 (82.8%)...
   Progress: 15500/18594 (83.4%)...
   Progress: 15600/18594 (83.9%)...
   Progress: 15700/18594 (84.4%)...
   Progress: 15800/18594 (85.0%)...
   Progress: 15900/18594 (85.5%)...
   Progress: 16000/18594 (86.0%)...
   Progress: 16100/18594 (86.6%)...
   Progress: 16200/18594 (87.1%)...
   Progress: 16300/18594 (87.7%)...
   Progress: 16400/18594 (88.2%)...
   Progress: 16500/18594 (88.7%)...
   Progress: 16600/18594 (89.3%)...
   Progress: 16700/18594 (89.8%)...
   Progress: 16800/18594 (90.4%)...
   Progress: 16900/18594 (90.9%)...
   Progress: 17000/18594 (91.4%)...
   Progress: 17100/18594 (92.0%)...
   Progress: 17200/18594 (92.5%)...
   Progress: 17300/18594 (93.0%)...
   Progress: 17400/18594 (93.6%)...
   Progress: 17500/18594 (94.1%)...
   Progress: 17600/18594 (94.7%)...
   Progress: 17700/18594 (95.2%)...
   Progress: 17800/18594 (95.7%)...
   Progress: 17900/18594 (96.3%)...
   Progress: 18000/18594 (96.8%)...
   Progress: 18100/18594 (97.3%)...
   Progress: 18200/18594 (97.9%)...
   Progress: 18300/18594 (98.4%)...
   Progress: 18400/18594 (99.0%)...
   Progress: 18500/18594 (99.5%)...
   Progress: 18594/18594 (100.0%)...

✅ Update complete!
   ✅ Successfully updated: 6552
   ❌ Failed: 12042

🔍 Verifying final counts...

✨ Categorization complete!
🔍 Fetching strains without type...

📊 Found 12038 strains without type

📥 Fetching uncategorized strains in batches...

   Fetching batch 1/13...
   Fetching batch 2/13...
   Fetching batch 3/13...
   Fetching batch 4/13...
   Fetching batch 5/13...
   Fetching batch 6/13...
   Fetching batch 7/13...
   Fetching batch 8/13...
   Fetching batch 9/13...
   Fetching batch 10/13...
   Fetching batch 11/13...
   Fetching batch 12/13...
   Fetching batch 13/13...
✅ Fetched 12038 uncategorized strains

🔧 Categorizing strains...

📈 Will categorize as:
   🟣 Indica: 1505 (12.5%)
   🟠 Sativa: 936 (7.8%)
   🟢 Hybrid: 9597 (79.7%)

🚀 Updating database...

   Progress: 0/12038 (0.0%)...
   Progress: 100/12038 (0.8%)...
   Progress: 200/12038 (1.7%)...
   Progress: 300/12038 (2.5%)...
   Progress: 400/12038 (3.3%)...
   Progress: 500/12038 (4.2%)...
   Progress: 600/12038 (5.0%)...
   Progress: 700/12038 (5.8%)...
   Progress: 800/12038 (6.6%)...
   Progress: 900/12038 (7.5%)...
   Progress: 1000/12038 (8.3%)...
   Progress: 1100/12038 (9.1%)...
   Progress: 1200/12038 (10.0%)...
   Progress: 1300/12038 (10.8%)...
   Progress: 1400/12038 (11.6%)...
   Progress: 1500/12038 (12.5%)...
   Progress: 1600/12038 (13.3%)...
   Progress: 1700/12038 (14.1%)...
   Progress: 1800/12038 (15.0%)...
   Progress: 1900/12038 (15.8%)...
   Progress: 2000/12038 (16.6%)...
   Progress: 2100/12038 (17.4%)...
   Progress: 2200/12038 (18.3%)...
   Progress: 2300/12038 (19.1%)...
   Progress: 2400/12038 (19.9%)...
   Progress: 2500/12038 (20.8%)...
   Progress: 2600/12038 (21.6%)...
   Progress: 2700/12038 (22.4%)...
   Progress: 2800/12038 (23.3%)...
   Progress: 2900/12038 (24.1%)...
   Progress: 3000/12038 (24.9%)...
   Progress: 3100/12038 (25.8%)...
   Progress: 3200/12038 (26.6%)...
   Progress: 3300/12038 (27.4%)...
   Progress: 3400/12038 (28.2%)...
   Progress: 3500/12038 (29.1%)...
   Progress: 3600/12038 (29.9%)...
   Progress: 3700/12038 (30.7%)...
   Progress: 3800/12038 (31.6%)...
   Progress: 3900/12038 (32.4%)...
   Progress: 4000/12038 (33.2%)...
   Progress: 4100/12038 (34.1%)...
   Progress: 4200/12038 (34.9%)...
   Progress: 4300/12038 (35.7%)...
   Progress: 4400/12038 (36.6%)...
   Progress: 4500/12038 (37.4%)...
   Progress: 4600/12038 (38.2%)...
   Progress: 4700/12038 (39.0%)...
   Progress: 4800/12038 (39.9%)...
   Progress: 4900/12038 (40.7%)...
   Progress: 5000/12038 (41.5%)...
   Progress: 5100/12038 (42.4%)...
   Progress: 5200/12038 (43.2%)...
   Progress: 5300/12038 (44.0%)...
   Progress: 5400/12038 (44.9%)...
   Progress: 5500/12038 (45.7%)...
   Progress: 5600/12038 (46.5%)...
   Progress: 5700/12038 (47.4%)...
   Progress: 5800/12038 (48.2%)...
   Progress: 5900/12038 (49.0%)...
   Progress: 6000/12038 (49.8%)...
   Progress: 6100/12038 (50.7%)...
   Progress: 6200/12038 (51.5%)...
   Progress: 6300/12038 (52.3%)...
   Progress: 6400/12038 (53.2%)...
   Progress: 6500/12038 (54.0%)...
   Progress: 6600/12038 (54.8%)...
   Progress: 6700/12038 (55.7%)...
   Progress: 6800/12038 (56.5%)...
   Progress: 6900/12038 (57.3%)...
   Progress: 7000/12038 (58.1%)...
   Progress: 7100/12038 (59.0%)...
   Progress: 7200/12038 (59.8%)...
   Progress: 7300/12038 (60.6%)...
   Progress: 7400/12038 (61.5%)...
   Progress: 7500/12038 (62.3%)...
   Progress: 7600/12038 (63.1%)...
   Progress: 7700/12038 (64.0%)...
   Progress: 7800/12038 (64.8%)...
   Progress: 7900/12038 (65.6%)...
   Progress: 8000/12038 (66.5%)...
   Progress: 8100/12038 (67.3%)...
   Progress: 8200/12038 (68.1%)...
   Progress: 8300/12038 (68.9%)...
   Progress: 8400/12038 (69.8%)...
   Progress: 8500/12038 (70.6%)...
   Progress: 8600/12038 (71.4%)...
   Progress: 8700/12038 (72.3%)...
   Progress: 8800/12038 (73.1%)...
   Progress: 8900/12038 (73.9%)...
   Progress: 9000/12038 (74.8%)...
   Progress: 9100/12038 (75.6%)...
   Progress: 9200/12038 (76.4%)...
   Progress: 9300/12038 (77.3%)...
   Progress: 9400/12038 (78.1%)...
   Progress: 9500/12038 (78.9%)...
   Progress: 9600/12038 (79.7%)...
   Progress: 9700/12038 (80.6%)...
   Progress: 9800/12038 (81.4%)...
   Progress: 9900/12038 (82.2%)...
   Progress: 10000/12038 (83.1%)...
   Progress: 10100/12038 (83.9%)...
   Progress: 10200/12038 (84.7%)...
   Progress: 10300/12038 (85.6%)...
   Progress: 10400/12038 (86.4%)...
   Progress: 10500/12038 (87.2%)...
   Progress: 10600/12038 (88.1%)...
   Progress: 10700/12038 (88.9%)...
   Progress: 10800/12038 (89.7%)...
   Progress: 10900/12038 (90.5%)...
   Progress: 11000/12038 (91.4%)...
   Progress: 11100/12038 (92.2%)...
   Progress: 11200/12038 (93.0%)...
   Progress: 11300/12038 (93.9%)...
   Progress: 11400/12038 (94.7%)...
   Progress: 11500/12038 (95.5%)...
   Progress: 11600/12038 (96.4%)...
   Progress: 11700/12038 (97.2%)...
   Progress: 11800/12038 (98.0%)...
   Progress: 11900/12038 (98.9%)...
   Progress: 12000/12038 (99.7%)...
   Progress: 12038/12038 (100.0%)...

✅ Update complete!
   ✅ Successfully updated: 4419
   ❌ Failed: 7619

🔍 Verifying final counts...

✨ Categorization complete!
